<?xml version="1.0" encoding="UTF-8"?>
<!-- Generated by org.testng.reporters.JUnitReportReporter -->
<testsuite hostname="WKWIN7248332" failures="0" tests="3" name="testcases.Test_get" time="2.666" errors="0" timestamp="2022-08-25T16:24:27 IST" skipped="0">
  <testcase classname="testcases.Test_get" name="test_getAll" time="1.341"/>
  <system-out/>
  <testcase classname="testcases.Test_get" name="test_post" time="1.130"/>
  <system-out/>
  <testcase classname="testcases.Test_get" name="test_givenUser" time="0.195"/>
  <system-out/>
</testsuite> <!-- testcases.Test_get -->
