<?xml version="1.0" encoding="UTF-8"?>
<!-- Generated by org.testng.reporters.JUnitReportReporter -->
<testsuite hostname="WKWIN7248332" failures="0" tests="4" name="Test_get" time="-1660754560.000" errors="1" timestamp="2022-08-17T22:14:12 IST" skipped="3">
  <testcase classname="Test_get" name="beforeSuite" time="-1660754560.000">
    <error message="
Can inject only one of &lt;ITestContext, XmlTest&gt; into a @BeforeSuite annotated beforeSuite.
For more information on native dependency injection please refer to https://testng.org/doc/documentation-main.html#native-dependency-injection" type="org.testng.TestNGException">
      <![CDATA[org.testng.TestNGException: 
Can inject only one of <ITestContext, XmlTest> into a @BeforeSuite annotated beforeSuite.
For more information on native dependency injection please refer to https://testng.org/doc/documentation-main.html#native-dependency-injection
at org.testng.internal.Parameters.checkParameterTypes(Parameters.java:436)
at org.testng.internal.Parameters.createParametersForMethod(Parameters.java:350)
at org.testng.internal.Parameters.createParameters(Parameters.java:693)
at org.testng.internal.Parameters.createConfigurationParameters(Parameters.java:166)
at org.testng.internal.invokers.ConfigInvoker.invokeConfigurations(ConfigInvoker.java:277)
at org.testng.SuiteRunner.privateRun(SuiteRunner.java:372)
at org.testng.SuiteRunner.run(SuiteRunner.java:330)
at org.testng.SuiteRunnerWorker.runSuite(SuiteRunnerWorker.java:52)
at org.testng.SuiteRunnerWorker.run(SuiteRunnerWorker.java:95)
at org.testng.TestNG.runSuitesSequentially(TestNG.java:1256)
at org.testng.TestNG.runSuitesLocally(TestNG.java:1176)
at org.testng.TestNG.runSuites(TestNG.java:1099)
at org.testng.TestNG.run(TestNG.java:1067)
at org.testng.remote.AbstractRemoteTestNG.run(AbstractRemoteTestNG.java:115)
at org.testng.remote.RemoteTestNG.initAndRun(RemoteTestNG.java:251)
at org.testng.remote.RemoteTestNG.main(RemoteTestNG.java:77)
]]>
    </error>
  </testcase> <!-- beforeSuite -->
  <system-out/>
  <testcase classname="Test_get" name="test_getAll" time="0.000">
    <skipped/>
  </testcase> <!-- test_getAll -->
  <system-out/>
  <testcase classname="Test_get" name="test_post" time="0.000">
    <skipped/>
  </testcase> <!-- test_post -->
  <system-out/>
  <testcase classname="Test_get" name="test_givenUser" time="0.000">
    <skipped/>
  </testcase> <!-- test_givenUser -->
  <system-out/>
</testsuite> <!-- Test_get -->
